#
# A fatal error has been detected by the Java Runtime Environment:
#
#  SIGBUS (0x7) at pc=0x00007fde60bbeecd, pid=5142, tid=0x00007fde2541e700
#
# JRE version: OpenJDK Runtime Environment (8.0_191-b12) (build 1.8.0_191-8u191-b12-2ubuntu0.16.04.1-b12)
# Java VM: OpenJDK 64-Bit Server VM (25.191-b12 mixed mode linux-amd64 compressed oops)
# Problematic frame:
# C  [libzip.so+0x4ecd]
#
# Failed to write core dump. Core dumps have been disabled. To enable core dumping, try "ulimit -c unlimited" before starting Java again
#
# If you would like to submit a bug report, please visit:
#   http://bugreport.java.com/bugreport/crash.jsp
# The crash happened outside the Java Virtual Machine in native code.
# See problematic frame for where to report the bug.
#

---------------  T H R E A D  ---------------

Current thread (0x00007fddec003000):  JavaThread "Thread-1" [_thread_in_native, id=5354, stack(0x00007fde2531e000,0x00007fde2541f000)]

siginfo: si_signo: 7 (SIGBUS), si_code: 2 (BUS_ADRERR), si_addr: 0x00007fde4c06427f

Registers:
RAX=0x00007fddf0000e30, RBX=0x00007fde5c26cdc0, RCX=0x00007fde4c06425f, RDX=0x00007fddf0000e30
RSP=0x00007fde2541b640, RBP=0x00007fde2541b6b0, RSI=0x00007fddf0000e70, RDI=0x0000000000000000
R8 =0x000000005cf53e6c, R9 =0x00007fde633f1180, R10=0x00007fde4d123a18, R11=0x00000000de4b7750
R12=0x00007fde5c2762c8, R13=0x00007fde2541b756, R14=0x00007fde5c64a4a0, R15=0x00007fddf0000e30
RIP=0x00007fde60bbeecd, EFLAGS=0x0000000000010206, CSGSFS=0x002b000000000033, ERR=0x0000000000000004
  TRAPNO=0x000000000000000e

Top of Stack: (sp=0x00007fde2541b640)
0x00007fde2541b640:   0000000000000000 00007fde63ac292d
0x00007fde2541b650:   000000002c69f1c8 000000002ca6fe70
0x00007fde2541b660:   000000002ca6fe90 00007fde2541b738
0x00007fde2541b670:   00000000ec003000 00007fde62d69550
0x00007fde2541b680:   0000000000000037 00007fde5c2762c0
0x00007fde2541b690:   000000005cf53e6c 00007fde2541b756
0x00007fde2541b6a0:   00007fde5c64a4a0 00007fde5c26cdc0
0x00007fde2541b6b0:   00007fde2541b700 00007fde60bbfc64
0x00007fde2541b6c0:   00007fde2541b720 0000003701dd3800
0x00007fde2541b6d0:   00007fde2541b700 0000000000000037
0x00007fde2541b6e0:   00007fddec0031e0 00000000dd45f300
0x00007fde2541b6f0:   00007fde2541bb78 00007fde5c26cdc0
0x00007fde2541b700:   00007fde2541bb60 00007fde60bbdbcc
0x00007fde2541b710:   00007fde2541b720 000000012541bcb0
0x00007fde2541b720:   797474656e2f6f69 6c656e6e6168632f
0x00007fde2541b730:   636172747362412f 6c656e6e61684374
0x00007fde2541b740:   4372656c646e6148 3124747865746e6f
0x00007fde2541b750:   007373616c632e33 00007fde2541b828
0x00007fde2541b760:   00007fde2541b818 0000003000000000
0x00007fde2541b770:   00007fde00000000 00007fde2541b830
0x00007fde2541b780:   00007fde00000000 0000000000000000
0x00007fde2541b790:   0000000000000000 00007fde2541b820
0x00007fde2541b7a0:   0000000000000000 0000000000000000
0x00007fde2541b7b0:   00007fde2541b840 0000000000000000
0x00007fde2541b7c0:   0000000000000000 00007fde00000044
0x00007fde2541b7d0:   0000000000000000 0000000000000044
0x00007fde2541b7e0:   00007fde62fb3dc3 0000000100000000
0x00007fde2541b7f0:   00007fde2541b890 0000000000000000
0x00007fde2541b800:   ffffffffffffffff 0000000000000000
0x00007fde2541b810:   00007fde2541b8b0 00007fde62fb3dc3
0x00007fde2541b820:   ffffffffffffffff 0000000000000000
0x00007fde2541b830:   0000000000000000 00007fde62f9e41e 

Instructions: (pc=0x00007fde60bbeecd)
0x00007fde60bbeead:   40 30 00 00 00 00 48 c7 40 28 00 00 00 00 0f 84
0x00007fde60bbeebd:   bf 01 00 00 49 8b 0c 24 48 2b 4b 28 48 03 4b 18
0x00007fde60bbeecd:   0f b7 41 20 44 0f b7 69 1c 49 89 ce 44 0f b7 61
0x00007fde60bbeedd:   1e 89 45 c0 41 8b 46 0c 48 c7 45 c8 00 00 00 00 

Register to memory mapping:

RAX=0x00007fddf0000e30 is an unknown value
RBX=0x00007fde5c26cdc0 is an unknown value
RCX=0x00007fde4c06425f is an unknown value
RDX=0x00007fddf0000e30 is an unknown value
RSP=0x00007fde2541b640 is pointing into the stack for thread: 0x00007fddec003000
RBP=0x00007fde2541b6b0 is pointing into the stack for thread: 0x00007fddec003000
RSI=0x00007fddf0000e70 is an unknown value
RDI=0x0000000000000000 is an unknown value
R8 =0x000000005cf53e6c is an unknown value
R9 =0x00007fde633f1180: <offset 0xf05180> in /usr/lib/jvm/java-8-openjdk-amd64/jre/lib/amd64/server/libjvm.so at 0x00007fde624ec000
R10=0x00007fde4d123a18 is at entry_point+88 in (nmethod*)0x00007fde4d123850
R11=0x00000000de4b7750 is an oop
