#
# A fatal error has been detected by the Java Runtime Environment:
#
#  SIGBUS (0x7) at pc=0x00007fe2d9973ecd, pid=4109, tid=0x00007fe29e12b700
#
# JRE version: OpenJDK Runtime Environment (8.0_191-b12) (build 1.8.0_191-8u191-b12-2ubuntu0.16.04.1-b12)
# Java VM: OpenJDK 64-Bit Server VM (25.191-b12 mixed mode linux-amd64 compressed oops)
# Problematic frame:
# C  [libzip.so+0x4ecd]
#
# Failed to write core dump. Core dumps have been disabled. To enable core dumping, try "ulimit -c unlimited" before starting Java again
#
# If you would like to submit a bug report, please visit:
#   http://bugreport.java.com/bugreport/crash.jsp
# The crash happened outside the Java Virtual Machine in native code.
# See problematic frame for where to report the bug.
#

---------------  T H R E A D  ---------------

Current thread (0x00007fe264003000):  JavaThread "Thread-1" [_thread_in_native, id=4283, stack(0x00007fe29e02b000,0x00007fe29e12c000)]

siginfo: si_signo: 7 (SIGBUS), si_code: 2 (BUS_ADRERR), si_addr: 0x00007fe2c40ae11d

Registers:
RAX=0x00007fe25c000a70, RBX=0x00007fe2d427cd90, RCX=0x00007fe2c40ae0fd, RDX=0x00007fe25c000a70
RSP=0x00007fe29e128640, RBP=0x00007fe29e1286b0, RSI=0x00007fe25c000ab0, RDI=0x0000000000000000
R8 =0x000000005cf53e6c, R9 =0x00007fe2dc1a6180, R10=0x00007fe2c5124758, R11=0x00000000ddcce6e0
R12=0x00007fe2d4286298, R13=0x00007fe29e128756, R14=0x00007fe2d464c330, R15=0x00007fe25c000a70
RIP=0x00007fe2d9973ecd, EFLAGS=0x0000000000010202, CSGSFS=0x002b000000000033, ERR=0x0000000000000004
  TRAPNO=0x000000000000000e

Top of Stack: (sp=0x00007fe29e128640)
0x00007fe29e128640:   0000000000000000 00007fe2dc87792d
0x00007fe29e128650:   0000000000000000 00000000c4e8fe70
0x00007fe29e128660:   00000000c4e8fe90 00007fe29e128738
0x00007fe29e128670:   0000000064003000 00007fe2dbb1e550
0x00007fe29e128680:   0000000000000037 00007fe2d4286290
0x00007fe29e128690:   000000005cf53e6c 00007fe29e128756
0x00007fe29e1286a0:   00007fe2d464c330 00007fe2d427cd90
0x00007fe29e1286b0:   00007fe29e128700 00007fe2d9974c64
0x00007fe29e1286c0:   00007fe29e128720 0000003701316400
0x00007fe29e1286d0:   00007fe29e128700 0000000000000037
0x00007fe29e1286e0:   00007fe2640031e0 0000000097ce7be0
0x00007fe29e1286f0:   00007fe29e128b78 00007fe2d427cd90
0x00007fe29e128700:   00007fe29e128b60 00007fe2d9972bcc
0x00007fe29e128710:   00007fe29e128720 000000019e128cb0
0x00007fe29e128720:   797474656e2f6f69 6c656e6e6168632f
0x00007fe29e128730:   636172747362412f 6c656e6e61684374
0x00007fe29e128740:   4372656c646e6148 3124747865746e6f
0x00007fe29e128750:   007373616c632e33 00007fe29e128828
0x00007fe29e128760:   00007fe29e128818 0000003000000000
0x00007fe29e128770:   00007fe200000000 00007fe29e128830
0x00007fe29e128780:   00007fe200000000 0000000000000000
0x00007fe29e128790:   00007fe200000000 00007fe29e128820
0x00007fe29e1287a0:   0000000000000000 00007fe200000000
0x00007fe29e1287b0:   00007fe29e128840 0000000000000000
0x00007fe29e1287c0:   0000000000000000 00007fe200000044
0x00007fe29e1287d0:   0000000000000000 00007fe200000044
0x00007fe29e1287e0:   00007fe2dbd68dc3 0000000100000000
0x00007fe29e1287f0:   00007fe29e128890 0000000000000000
0x00007fe29e128800:   ffffffffffffffff 0000000000000000
0x00007fe29e128810:   00007fe29e1288b0 00007fe2dbd68dc3
0x00007fe29e128820:   ffffffffffffffff 0000000000000000
0x00007fe29e128830:   204d564a2065636e 00007fe2dbd5341e 

Instructions: (pc=0x00007fe2d9973ecd)
0x00007fe2d9973ead:   40 30 00 00 00 00 48 c7 40 28 00 00 00 00 0f 84
0x00007fe2d9973ebd:   bf 01 00 00 49 8b 0c 24 48 2b 4b 28 48 03 4b 18
0x00007fe2d9973ecd:   0f b7 41 20 44 0f b7 69 1c 49 89 ce 44 0f b7 61
0x00007fe2d9973edd:   1e 89 45 c0 41 8b 46 0c 48 c7 45 c8 00 00 00 00 

Register to memory mapping:

RAX=0x00007fe25c000a70 is an unknown value
RBX=0x00007fe2d427cd90 is an unknown value
RCX=0x00007fe2c40ae0fd is an unknown value
RDX=0x00007fe25c000a70 is an unknown value
RSP=0x00007fe29e128640 is pointing into the stack for thread: 0x00007fe264003000
RBP=0x00007fe29e1286b0 is pointing into the stack for thread: 0x00007fe264003000
RSI=0x00007fe25c000ab0 is an unknown value
RDI=0x0000000000000000 is an unknown value
R8 =0x000000005cf53e6c is an unknown value
R9 =0x00007fe2dc1a6180: <offset 0xf05180> in /usr/lib/jvm/java-8-openjdk-amd64/jre/lib/amd64/server/libjvm.so at 0x00007fe2db2a1000
R10=0x00007fe2c5124758 is at entry_point+88 in (nmethod*)0x00007fe2c5124590
R11=0x00000000ddcce6e0 is an oop
