#
# A fatal error has been detected by the Java Runtime Environment:
#
#  SIGBUS (0x7) at pc=0x00007ff3875bbecd, pid=4486, tid=0x00007ff3148f5700
#
# JRE version: OpenJDK Runtime Environment (8.0_191-b12) (build 1.8.0_191-8u191-b12-2ubuntu0.16.04.1-b12)
# Java VM: OpenJDK 64-Bit Server VM (25.191-b12 mixed mode linux-amd64 compressed oops)
# Problematic frame:
# C  [libzip.so+0x4ecd]
#
# Failed to write core dump. Core dumps have been disabled. To enable core dumping, try "ulimit -c unlimited" before starting Java again
#
# If you would like to submit a bug report, please visit:
#   http://bugreport.java.com/bugreport/crash.jsp
# The crash happened outside the Java Virtual Machine in native code.
# See problematic frame for where to report the bug.
#

---------------  T H R E A D  ---------------

Current thread (0x00007ff30c037800):  JavaThread "Thread-1" [_thread_in_native, id=11529, stack(0x00007ff3147f5000,0x00007ff3148f6000)]

siginfo: si_signo: 7 (SIGBUS), si_code: 2 (BUS_ADRERR), si_addr: 0x00007ff3548f4052

Registers:
RAX=0x00007ff2b8000be0, RBX=0x00007ff388285570, RCX=0x00007ff3548f4032, RDX=0x00007ff2b8000be0
RSP=0x00007ff3148f2600, RBP=0x00007ff3148f2670, RSI=0x00007ff2b8000c20, RDI=0x0000000000000000
R8 =0x000000005cf53e6c, R9 =0x00007ff38de8f180, R10=0x00007ff3786e4e18, R11=0x00000000de555418
R12=0x00007ff38828ea78, R13=0x00007ff3148f2716, R14=0x00007ff310000c40, R15=0x00007ff2b8000be0
RIP=0x00007ff3875bbecd, EFLAGS=0x0000000000010202, CSGSFS=0x002b000000000033, ERR=0x0000000000000004
  TRAPNO=0x000000000000000e

Top of Stack: (sp=0x00007ff3148f2600)
0x00007ff3148f2600:   0000000000000000 0000000057bab2e0
0x00007ff3148f2610:   0000000000000000 00007ff38e58e6ce
0x00007ff3148f2620:   00007ff3148f2bd0 00007ff3148f2bc0
0x00007ff3148f2630:   000000000c037800 00007ff38d807550
0x00007ff3148f2640:   0000000000000037 00007ff38828ea70
0x00007ff3148f2650:   000000005cf53e6c 00007ff3148f2716
0x00007ff3148f2660:   00007ff310000c40 00007ff388285570
0x00007ff3148f2670:   00007ff3148f26c0 00007ff3875bcc64
0x00007ff3148f2680:   00007ff3148f26e0 0000003701915e00
0x00007ff3148f2690:   00007ff3148f26c0 0000000000000037
0x00007ff3148f26a0:   00007ff30c0379e0 00000000defd4030
0x00007ff3148f26b0:   00007ff3148f2b38 00007ff388285570
0x00007ff3148f26c0:   00007ff3148f2b20 00007ff3875babcc
0x00007ff3148f26d0:   00007ff3148f26e0 000000010000003f
0x00007ff3148f26e0:   797474656e2f6f69 6c656e6e6168632f
0x00007ff3148f26f0:   636172747362412f 6c656e6e61684374
0x00007ff3148f2700:   4372656c646e6148 3124747865746e6f
0x00007ff3148f2710:   007373616c632e33 00007ff3148f2cb0
0x00007ff3148f2720:   00007ff38da51dc1 00007ff3148f2e60
0x00007ff3148f2730:   0000000000000000 00007ff38e56092d
0x00007ff3148f2740:   00007ff38da3c40e 00007ff3148f2e70
0x00007ff3148f2750:   0000000000000000 00007ff3148f2828
0x00007ff3148f2760:   00007ff3148f2818 0000003000000000
0x00007ff3148f2770:   00007ff300000000 00007ff3148f2830
0x00007ff3148f2780:   00007ff300000000 0000000000000000
0x00007ff3148f2790:   0000000000000000 00007ff3148f2820
0x00007ff3148f27a0:   0000000000000000 0000000000000000
0x00007ff3148f27b0:   00007ff3148f2840 0000000000000000
0x00007ff3148f27c0:   0000000000000000 00007ff300000044
0x00007ff3148f27d0:   0000000000000000 0000000000000044
0x00007ff3148f27e0:   00007ff38da51dc3 0000000100000000
0x00007ff3148f27f0:   00007ff3148f2890 0000000000000000 

Instructions: (pc=0x00007ff3875bbecd)
0x00007ff3875bbead:   40 30 00 00 00 00 48 c7 40 28 00 00 00 00 0f 84
0x00007ff3875bbebd:   bf 01 00 00 49 8b 0c 24 48 2b 4b 28 48 03 4b 18
0x00007ff3875bbecd:   0f b7 41 20 44 0f b7 69 1c 49 89 ce 44 0f b7 61
0x00007ff3875bbedd:   1e 89 45 c0 41 8b 46 0c 48 c7 45 c8 00 00 00 00 

Register to memory mapping:

RAX=0x00007ff2b8000be0 is an unknown value
RBX=0x00007ff388285570 is an unknown value
RCX=0x00007ff3548f4032 is an unknown value
RDX=0x00007ff2b8000be0 is an unknown value
RSP=0x00007ff3148f2600 is pointing into the stack for thread: 0x00007ff30c037800
RBP=0x00007ff3148f2670 is pointing into the stack for thread: 0x00007ff30c037800
RSI=0x00007ff2b8000c20 is an unknown value
RDI=0x0000000000000000 is an unknown value
R8 =0x000000005cf53e6c is an unknown value
R9 =0x00007ff38de8f180: <offset 0xf05180> in /usr/lib/jvm/java-8-openjdk-amd64/jre/lib/amd64/server/libjvm.so at 0x00007ff38cf8a000
R10=0x00007ff3786e4e18 is at entry_point+88 in (nmethod*)0x00007ff3786e4c50
R11=0x00000000de555418 is an oop
