#
# A fatal error has been detected by the Java Runtime Environment:
#
#  SIGBUS (0x7) at pc=0x00007f59b5181ecd, pid=22441, tid=0x00007f59884f3700
#
# JRE version: OpenJDK Runtime Environment (8.0_191-b12) (build 1.8.0_191-8u191-b12-2ubuntu0.16.04.1-b12)
# Java VM: OpenJDK 64-Bit Server VM (25.191-b12 mixed mode linux-amd64 compressed oops)
# Problematic frame:
# C  [libzip.so+0x4ecd]
#
# Failed to write core dump. Core dumps have been disabled. To enable core dumping, try "ulimit -c unlimited" before starting Java again
#
# If you would like to submit a bug report, please visit:
#   http://bugreport.java.com/bugreport/crash.jsp
# The crash happened outside the Java Virtual Machine in native code.
# See problematic frame for where to report the bug.
#

---------------  T H R E A D  ---------------

Current thread (0x00007f592c02d000):  JavaThread "Thread-1" [_thread_in_native, id=29568, stack(0x00007f59883f3000,0x00007f59884f4000)]

siginfo: si_signo: 7 (SIGBUS), si_code: 2 (BUS_ADRERR), si_addr: 0x00007f599808a005

Registers:
RAX=0x00007f58ec000a70, RBX=0x00007f59b028d670, RCX=0x00007f5998089fe5, RDX=0x00007f58ec000a70
RSP=0x00007f59884f0640, RBP=0x00007f59884f06b0, RSI=0x00007f58ec000ab0, RDI=0x0000000000000000
R8 =0x000000005cf53e6c, R9 =0x00007f59b79b4180, R10=0x00007f59a11281d8, R11=0x00000000de5a9940
R12=0x00007f59b0296b78, R13=0x00007f59884f0756, R14=0x00007f5938000c40, R15=0x00007f58ec000a70
RIP=0x00007f59b5181ecd, EFLAGS=0x0000000000010202, CSGSFS=0x002b000000000033, ERR=0x0000000000000004
  TRAPNO=0x000000000000000e

Top of Stack: (sp=0x00007f59884f0640)
0x00007f59884f0640:   0000000000000000 00007f59b808592d
0x00007f59884f0650:   0000000000000000 0000000000000000
0x00007f59884f0660:   0000000000000000 00007f59884f0738
0x00007f59884f0670:   000000002c02d000 00007f59b732c550
0x00007f59884f0680:   0000000000000037 00007f59b0296b70
0x00007f59884f0690:   000000005cf53e6c 00007f59884f0756
0x00007f59884f06a0:   00007f5938000c40 00007f59b028d670
0x00007f59884f06b0:   00007f59884f0700 00007f59b5182c64
0x00007f59884f06c0:   00007f59884f0720 000000370101e800
0x00007f59884f06d0:   00007f59884f0700 0000000000000037
0x00007f59884f06e0:   00007f592c02d1e0 00000000def06330
0x00007f59884f06f0:   00007f59884f0b78 00007f59b028d670
0x00007f59884f0700:   00007f59884f0b60 00007f59b5180bcc
0x00007f59884f0710:   00007f59884f0720 00000001884f0cb0
0x00007f59884f0720:   797474656e2f6f69 6c656e6e6168632f
0x00007f59884f0730:   636172747362412f 6c656e6e61684374
0x00007f59884f0740:   4372656c646e6148 3124747865746e6f
0x00007f59884f0750:   007373616c632e33 00007f59884f0828
0x00007f59884f0760:   00007f59884f0818 0000003000000000
0x00007f59884f0770:   00007f5900000000 00007f59884f0830
0x00007f59884f0780:   00007f5900000000 0000000000000000
0x00007f59884f0790:   0000000000000000 00007f59884f0820
0x00007f59884f07a0:   0000000000000000 0000000000000000
0x00007f59884f07b0:   00007f59884f0840 0000000000000000
0x00007f59884f07c0:   0000000000000000 00007f5900000044
0x00007f59884f07d0:   0000000000000000 0000000000000044
0x00007f59884f07e0:   00007f59b7576dc3 0000000100000000
0x00007f59884f07f0:   00007f59884f0890 0000000000000000
0x00007f59884f0800:   ffffffffffffffff 0000000000000000
0x00007f59884f0810:   00007f59884f08b0 00007f59b7576dc3
0x00007f59884f0820:   ffffffffffffffff 0000000000000000
0x00007f59884f0830:   0000000000000000 00007f59b756141e 

Instructions: (pc=0x00007f59b5181ecd)
0x00007f59b5181ead:   40 30 00 00 00 00 48 c7 40 28 00 00 00 00 0f 84
0x00007f59b5181ebd:   bf 01 00 00 49 8b 0c 24 48 2b 4b 28 48 03 4b 18
0x00007f59b5181ecd:   0f b7 41 20 44 0f b7 69 1c 49 89 ce 44 0f b7 61
0x00007f59b5181edd:   1e 89 45 c0 41 8b 46 0c 48 c7 45 c8 00 00 00 00 

Register to memory mapping:

RAX=0x00007f58ec000a70 is an unknown value
RBX=0x00007f59b028d670 is an unknown value
RCX=0x00007f5998089fe5 is an unknown value
RDX=0x00007f58ec000a70 is an unknown value
RSP=0x00007f59884f0640 is pointing into the stack for thread: 0x00007f592c02d000
RBP=0x00007f59884f06b0 is pointing into the stack for thread: 0x00007f592c02d000
RSI=0x00007f58ec000ab0 is an unknown value
RDI=0x0000000000000000 is an unknown value
R8 =0x000000005cf53e6c is an unknown value
R9 =0x00007f59b79b4180: <offset 0xf05180> in /usr/lib/jvm/java-8-openjdk-amd64/jre/lib/amd64/server/libjvm.so at 0x00007f59b6aaf000
R10=0x00007f59a11281d8 is at entry_point+88 in (nmethod*)0x00007f59a1128010
R11=0x00000000de5a9940 is an oop
