#
# A fatal error has been detected by the Java Runtime Environment:
#
#  SIGBUS (0x7) at pc=0x00007f9469581ecd, pid=7039, tid=0x00007f943c8f7700
#
# JRE version: OpenJDK Runtime Environment (8.0_191-b12) (build 1.8.0_191-8u191-b12-2ubuntu0.16.04.1-b12)
# Java VM: OpenJDK 64-Bit Server VM (25.191-b12 mixed mode linux-amd64 compressed oops)
# Problematic frame:
# C  [libzip.so+0x4ecd]
#
# Failed to write core dump. Core dumps have been disabled. To enable core dumping, try "ulimit -c unlimited" before starting Java again
#
# If you would like to submit a bug report, please visit:
#   http://bugreport.java.com/bugreport/crash.jsp
# The crash happened outside the Java Virtual Machine in native code.
# See problematic frame for where to report the bug.
#

---------------  T H R E A D  ---------------

Current thread (0x00007f93e0022800):  JavaThread "Thread-1" [_thread_in_native, id=14806, stack(0x00007f943c7f7000,0x00007f943c8f8000)]

siginfo: si_signo: 7 (SIGBUS), si_code: 2 (BUS_ADRERR), si_addr: 0x00007f944c089ed4

Registers:
RAX=0x00007f9398000930, RBX=0x00007f9464285570, RCX=0x00007f944c089eb4, RDX=0x00007f9398000930
RSP=0x00007f943c8f4640, RBP=0x00007f943c8f46b0, RSI=0x00007f9398000970, RDI=0x0000000000000000
R8 =0x000000005cf53e6c, R9 =0x00007f946bdb4180, R10=0x00007f9455129258, R11=0x00000000de5d1bb8
R12=0x00007f946428ea78, R13=0x00007f943c8f4756, R14=0x00007f93ec000c40, R15=0x00007f9398000930
RIP=0x00007f9469581ecd, EFLAGS=0x0000000000010206, CSGSFS=0x002b000000000033, ERR=0x0000000000000004
  TRAPNO=0x000000000000000e

Top of Stack: (sp=0x00007f943c8f4640)
0x00007f943c8f4640:   0000000000000000 00007f946c48592d
0x00007f943c8f4650:   0000000000000000 0000000000000000
0x00007f943c8f4660:   0000000000000000 00007f943c8f4738
0x00007f943c8f4670:   00000000e0022800 00007f946b72c550
0x00007f943c8f4680:   0000000000000037 00007f946428ea70
0x00007f943c8f4690:   000000005cf53e6c 00007f943c8f4756
0x00007f943c8f46a0:   00007f93ec000c40 00007f9464285570
0x00007f943c8f46b0:   00007f943c8f4700 00007f9469582c64
0x00007f943c8f46c0:   00007f943c8f4720 0000003701d1a700
0x00007f943c8f46d0:   00007f943c8f4700 0000000000000037
0x00007f943c8f46e0:   00007f93e00229e0 00000000df051c98
0x00007f943c8f46f0:   00007f943c8f4b78 00007f9464285570
0x00007f943c8f4700:   00007f943c8f4b60 00007f9469580bcc
0x00007f943c8f4710:   00007f943c8f4720 000000013c8f4cb0
0x00007f943c8f4720:   797474656e2f6f69 6c656e6e6168632f
0x00007f943c8f4730:   636172747362412f 6c656e6e61684374
0x00007f943c8f4740:   4372656c646e6148 3124747865746e6f
0x00007f943c8f4750:   007373616c632e33 00007f943c8f4828
0x00007f943c8f4760:   00007f943c8f4818 0000003000000000
0x00007f943c8f4770:   00007f9400000000 00007f943c8f4830
0x00007f943c8f4780:   00007f9400000000 0000000000000000
0x00007f943c8f4790:   0000000000000000 00007f943c8f4820
0x00007f943c8f47a0:   0000000000000000 0000000000000000
0x00007f943c8f47b0:   00007f943c8f4840 0000000000000000
0x00007f943c8f47c0:   0000000000000000 00007f9400000044
0x00007f943c8f47d0:   0000000000000000 0000000000000044
0x00007f943c8f47e0:   00007f946b976dc3 0000000100000000
0x00007f943c8f47f0:   00007f943c8f4890 0000000000000000
0x00007f943c8f4800:   ffffffffffffffff 0000000000000000
0x00007f943c8f4810:   00007f943c8f48b0 00007f946b976dc3
0x00007f943c8f4820:   ffffffffffffffff 0000000000000000
0x00007f943c8f4830:   0000000000000000 00007f946b96141e 

Instructions: (pc=0x00007f9469581ecd)
0x00007f9469581ead:   40 30 00 00 00 00 48 c7 40 28 00 00 00 00 0f 84
0x00007f9469581ebd:   bf 01 00 00 49 8b 0c 24 48 2b 4b 28 48 03 4b 18
0x00007f9469581ecd:   0f b7 41 20 44 0f b7 69 1c 49 89 ce 44 0f b7 61
0x00007f9469581edd:   1e 89 45 c0 41 8b 46 0c 48 c7 45 c8 00 00 00 00 

Register to memory mapping:

RAX=0x00007f9398000930 is an unknown value
RBX=0x00007f9464285570 is an unknown value
RCX=0x00007f944c089eb4 is an unknown value
RDX=0x00007f9398000930 is an unknown value
RSP=0x00007f943c8f4640 is pointing into the stack for thread: 0x00007f93e0022800
RBP=0x00007f943c8f46b0 is pointing into the stack for thread: 0x00007f93e0022800
RSI=0x00007f9398000970 is an unknown value
RDI=0x0000000000000000 is an unknown value
R8 =0x000000005cf53e6c is an unknown value
R9 =0x00007f946bdb4180: <offset 0xf05180> in /usr/lib/jvm/java-8-openjdk-amd64/jre/lib/amd64/server/libjvm.so at 0x00007f946aeaf000
R10=0x00007f9455129258 is at entry_point+88 in (nmethod*)0x00007f9455129090
R11=0x00000000de5d1bb8 is an oop
