#
# A fatal error has been detected by the Java Runtime Environment:
#
#  SIGBUS (0x7) at pc=0x00007f8a839ddecd, pid=31350, tid=0x00007f8a10dfa700
#
# JRE version: OpenJDK Runtime Environment (8.0_191-b12) (build 1.8.0_191-8u191-b12-2ubuntu0.16.04.1-b12)
# Java VM: OpenJDK 64-Bit Server VM (25.191-b12 mixed mode linux-amd64 compressed oops)
# Problematic frame:
# C  [libzip.so+0x4ecd]
#
# Failed to write core dump. Core dumps have been disabled. To enable core dumping, try "ulimit -c unlimited" before starting Java again
#
# If you would like to submit a bug report, please visit:
#   http://bugreport.java.com/bugreport/crash.jsp
# The crash happened outside the Java Virtual Machine in native code.
# See problematic frame for where to report the bug.
#

---------------  T H R E A D  ---------------

Current thread (0x00007f89b8003000):  JavaThread "Thread-1" [_thread_in_native, id=16175, stack(0x00007f8a10cfa000,0x00007f8a10dfb000)]

siginfo: si_signo: 7 (SIGBUS), si_code: 2 (BUS_ADRERR), si_addr: 0x00007f8a50e0504b

Registers:
RAX=0x00007f89bc000930, RBX=0x00007f8a8427d680, RCX=0x00007f8a50e0502b, RDX=0x00007f89bc000930
RSP=0x00007f8a10df7640, RBP=0x00007f8a10df76b0, RSI=0x00007f89bc000970, RDI=0x0000000000000000
R8 =0x000000005cf53e6c, R9 =0x00007f8a8a3a2180, R10=0x00007f8a74afd098, R11=0x00000000ddbcc1f0
R12=0x00007f8a84286b88, R13=0x00007f8a10df7756, R14=0x00007f8a0c000c40, R15=0x00007f89bc000930
RIP=0x00007f8a839ddecd, EFLAGS=0x0000000000010206, CSGSFS=0x002b000000000033, ERR=0x0000000000000004
  TRAPNO=0x000000000000000e

Top of Stack: (sp=0x00007f8a10df7640)
0x00007f8a10df7640:   0000000000000000 00007f8a8aa7392d
0x00007f8a10df7650:   0000000000000000 0000000000000000
0x00007f8a10df7660:   0000000000000000 00007f8a10df7738
0x00007f8a10df7670:   00000000b8003000 00007f8a89d1a550
0x00007f8a10df7680:   0000000000000037 00007f8a84286b80
0x00007f8a10df7690:   000000005cf53e6c 00007f8a10df7756
0x00007f8a10df76a0:   00007f8a0c000c40 00007f8a8427d680
0x00007f8a10df76b0:   00007f8a10df7700 00007f8a839dec64
0x00007f8a10df76c0:   00007f8a10df7720 0000003701674200
0x00007f8a10df76d0:   00007f8a10df7700 0000000000000037
0x00007f8a10df76e0:   00007f89b80031e0 00000000df308318
0x00007f8a10df76f0:   00007f8a10df7b78 00007f8a8427d680
0x00007f8a10df7700:   00007f8a10df7b60 00007f8a839dcbcc
0x00007f8a10df7710:   00007f8a10df7720 0000000110df7cb0
0x00007f8a10df7720:   797474656e2f6f69 6c656e6e6168632f
0x00007f8a10df7730:   636172747362412f 6c656e6e61684374
0x00007f8a10df7740:   4372656c646e6148 3124747865746e6f
0x00007f8a10df7750:   007373616c632e33 00007f8a10df7828
0x00007f8a10df7760:   00007f8a10df7818 0000003000000000
0x00007f8a10df7770:   00007f8a00000000 00007f8a10df7830
0x00007f8a10df7780:   00007f8a00000000 0000000000000000
0x00007f8a10df7790:   0000000000000000 00007f8a10df7820
0x00007f8a10df77a0:   0000000000000000 0000000000000000
0x00007f8a10df77b0:   00007f8a10df7840 0000000000000000
0x00007f8a10df77c0:   0000000000000000 00007f8a00000044
0x00007f8a10df77d0:   0000000000000000 0000000000000044
0x00007f8a10df77e0:   00007f8a89f64dc3 0000000100000000
0x00007f8a10df77f0:   00007f8a10df7890 0000000000000000
0x00007f8a10df7800:   ffffffffffffffff 0000000000000000
0x00007f8a10df7810:   00007f8a10df78b0 00007f8a89f64dc3
0x00007f8a10df7820:   ffffffffffffffff 0000000000000000
0x00007f8a10df7830:   0000000000000000 00007f8a89f4f41e 

Instructions: (pc=0x00007f8a839ddecd)
0x00007f8a839ddead:   40 30 00 00 00 00 48 c7 40 28 00 00 00 00 0f 84
0x00007f8a839ddebd:   bf 01 00 00 49 8b 0c 24 48 2b 4b 28 48 03 4b 18
0x00007f8a839ddecd:   0f b7 41 20 44 0f b7 69 1c 49 89 ce 44 0f b7 61
0x00007f8a839ddedd:   1e 89 45 c0 41 8b 46 0c 48 c7 45 c8 00 00 00 00 

Register to memory mapping:

RAX=0x00007f89bc000930 is an unknown value
RBX=0x00007f8a8427d680 is an unknown value
RCX=0x00007f8a50e0502b is an unknown value
RDX=0x00007f89bc000930 is an unknown value
RSP=0x00007f8a10df7640 is pointing into the stack for thread: 0x00007f89b8003000
RBP=0x00007f8a10df76b0 is pointing into the stack for thread: 0x00007f89b8003000
RSI=0x00007f89bc000970 is an unknown value
RDI=0x0000000000000000 is an unknown value
R8 =0x000000005cf53e6c is an unknown value
R9 =0x00007f8a8a3a2180: <offset 0xf05180> in /usr/lib/jvm/java-8-openjdk-amd64/jre/lib/amd64/server/libjvm.so at 0x00007f8a8949d000
R10=0x00007f8a74afd098 is at entry_point+88 in (nmethod*)0x00007f8a74afced0
R11=0x00000000ddbcc1f0 is an oop
