#
# A fatal error has been detected by the Java Runtime Environment:
#
#  SIGBUS (0x7) at pc=0x00007f4d59e6becd, pid=21172, tid=0x00007f4d241f0700
#
# JRE version: OpenJDK Runtime Environment (8.0_191-b12) (build 1.8.0_191-8u191-b12-2ubuntu0.16.04.1-b12)
# Java VM: OpenJDK 64-Bit Server VM (25.191-b12 mixed mode linux-amd64 compressed oops)
# Problematic frame:
# C  [libzip.so+0x4ecd]
#
# Failed to write core dump. Core dumps have been disabled. To enable core dumping, try "ulimit -c unlimited" before starting Java again
#
# If you would like to submit a bug report, please visit:
#   http://bugreport.java.com/bugreport/crash.jsp
# The crash happened outside the Java Virtual Machine in native code.
# See problematic frame for where to report the bug.
#

---------------  T H R E A D  ---------------

Current thread (0x00007f4ce403c000):  JavaThread "Thread-1" [_thread_in_native, id=23322, stack(0x00007f4d240f0000,0x00007f4d241f1000)]

siginfo: si_signo: 7 (SIGBUS), si_code: 2 (BUS_ADRERR), si_addr: 0x00007f4d3c08a08b

Registers:
RAX=0x00007f4c84000a70, RBX=0x00007f4d54274da0, RCX=0x00007f4d3c08a06b, RDX=0x00007f4c84000a70
RSP=0x00007f4d241ed640, RBP=0x00007f4d241ed6b0, RSI=0x00007f4c84000ab0, RDI=0x0000000000000000
R8 =0x000000005cf53e6c, R9 =0x00007f4d5c69e180, R10=0x00007f4d45127d58, R11=0x00000000ddc110c0
R12=0x00007f4d5427e2a8, R13=0x00007f4d241ed756, R14=0x00007f4ce0000c40, R15=0x00007f4c84000a70
RIP=0x00007f4d59e6becd, EFLAGS=0x0000000000010202, CSGSFS=0x002b000000000033, ERR=0x0000000000000004
  TRAPNO=0x000000000000000e

Top of Stack: (sp=0x00007f4d241ed640)
0x00007f4d241ed640:   0000000000000000 00007f4d5cd6f92d
0x00007f4d241ed650:   00000000584ab9a8 000000005887de70
0x00007f4d241ed660:   00000000588769a8 00007f4d241ed738
0x00007f4d241ed670:   00000000e403c000 00007f4d5c016550
0x00007f4d241ed680:   0000000000000037 00007f4d5427e2a0
0x00007f4d241ed690:   000000005cf53e6c 00007f4d241ed756
0x00007f4d241ed6a0:   00007f4ce0000c40 00007f4d54274da0
0x00007f4d241ed6b0:   00007f4d241ed700 00007f4d59e6cc64
0x00007f4d241ed6c0:   00007f4d241ed720 00000037015fb900
0x00007f4d241ed6d0:   00007f4d241ed700 0000000000000037
0x00007f4d241ed6e0:   00007f4ce403c1e0 00000000def30f00
0x00007f4d241ed6f0:   00007f4d241edb78 00007f4d54274da0
0x00007f4d241ed700:   00007f4d241edb60 00007f4d59e6abcc
0x00007f4d241ed710:   00007f4d241ed720 00000001241edcb0
0x00007f4d241ed720:   797474656e2f6f69 6c656e6e6168632f
0x00007f4d241ed730:   636172747362412f 6c656e6e61684374
0x00007f4d241ed740:   4372656c646e6148 3124747865746e6f
0x00007f4d241ed750:   007373616c632e33 00007f4d241ed828
0x00007f4d241ed760:   00007f4d241ed818 0000003000000000
0x00007f4d241ed770:   00007f4d00000000 00007f4d241ed830
0x00007f4d241ed780:   00007f4d00000000 0000000000000000
0x00007f4d241ed790:   0000000000000000 00007f4d241ed820
0x00007f4d241ed7a0:   0000000000000000 0000000000000000
0x00007f4d241ed7b0:   00007f4d241ed840 0000000000000000
0x00007f4d241ed7c0:   0000000000000000 00007f4d00000044
0x00007f4d241ed7d0:   0000000000000000 0000000000000044
0x00007f4d241ed7e0:   00007f4d5c260dc3 0000000100000000
0x00007f4d241ed7f0:   00007f4d241ed890 0000000000000000
0x00007f4d241ed800:   ffffffffffffffff 0000000000000000
0x00007f4d241ed810:   00007f4d241ed8b0 00007f4d5c260dc3
0x00007f4d241ed820:   ffffffffffffffff 0000000000000000
0x00007f4d241ed830:   0000000000000000 00007f4d5c24b41e 

Instructions: (pc=0x00007f4d59e6becd)
0x00007f4d59e6bead:   40 30 00 00 00 00 48 c7 40 28 00 00 00 00 0f 84
0x00007f4d59e6bebd:   bf 01 00 00 49 8b 0c 24 48 2b 4b 28 48 03 4b 18
0x00007f4d59e6becd:   0f b7 41 20 44 0f b7 69 1c 49 89 ce 44 0f b7 61
0x00007f4d59e6bedd:   1e 89 45 c0 41 8b 46 0c 48 c7 45 c8 00 00 00 00 

Register to memory mapping:

RAX=0x00007f4c84000a70 is an unknown value
RBX=0x00007f4d54274da0 is an unknown value
RCX=0x00007f4d3c08a06b is an unknown value
RDX=0x00007f4c84000a70 is an unknown value
RSP=0x00007f4d241ed640 is pointing into the stack for thread: 0x00007f4ce403c000
RBP=0x00007f4d241ed6b0 is pointing into the stack for thread: 0x00007f4ce403c000
RSI=0x00007f4c84000ab0 is an unknown value
RDI=0x0000000000000000 is an unknown value
R8 =0x000000005cf53e6c is an unknown value
R9 =0x00007f4d5c69e180: <offset 0xf05180> in /usr/lib/jvm/java-8-openjdk-amd64/jre/lib/amd64/server/libjvm.so at 0x00007f4d5b799000
R10=0x00007f4d45127d58 is at entry_point+88 in (nmethod*)0x00007f4d45127b90
R11=0x00000000ddc110c0 is an oop
